0 info it worked if it ends with ok
1 verbose cli [ '/usr/local/bin/node',
1 verbose cli   '/usr/local/bin/npm',
1 verbose cli   'install',
1 verbose cli   '-g',
1 verbose cli   'now' ]
2 info using npm@3.10.10
3 info using node@v6.10.0
4 silly loadCurrentTree Starting
5 silly install loadCurrentTree
6 silly install readGlobalPackageData
7 silly fetchPackageMetaData now
8 silly fetchNamedPackageData now
9 silly mapToRegistry name now
10 silly mapToRegistry using default registry
11 silly mapToRegistry registry https://registry.npmjs.org/
12 silly mapToRegistry data Result {
12 silly mapToRegistry   raw: 'now',
12 silly mapToRegistry   scope: null,
12 silly mapToRegistry   escapedName: 'now',
12 silly mapToRegistry   name: 'now',
12 silly mapToRegistry   rawSpec: '',
12 silly mapToRegistry   spec: 'latest',
12 silly mapToRegistry   type: 'tag' }
13 silly mapToRegistry uri https://registry.npmjs.org/now
14 verbose request uri https://registry.npmjs.org/now
15 verbose request no auth needed
16 info attempt registry request try #1 at 4:53:41 PM
17 verbose request id 4c7160951e976304
18 verbose etag W/"8a5e9f2c95f03c9ac825737c68ed7c45"
19 verbose lastModified Thu, 28 Mar 2019 13:59:44 GMT
20 http request GET https://registry.npmjs.org/now
21 http 304 https://registry.npmjs.org/now
22 verbose headers { date: 'Thu, 28 Mar 2019 20:53:40 GMT',
22 verbose headers   connection: 'keep-alive',
22 verbose headers   'set-cookie': [ '__cfduid=dde9da9c496dbf839ecc7e093abf0a6b01553806420; expires=Fri, 27-Mar-20 20:53:40 GMT; path=/; domain=.registry.npmjs.org; HttpOnly' ],
22 verbose headers   'cf-cache-status': 'HIT',
22 verbose headers   'cache-control': 'max-age=300',
22 verbose headers   'cf-ray': '4bec7eb00b7957d1-DFW',
22 verbose headers   etag: '"8a5e9f2c95f03c9ac825737c68ed7c45"',
22 verbose headers   'expect-ct': 'max-age=604800, report-uri="https://report-uri.cloudflare.com/cdn-cgi/beacon/expect-ct"',
22 verbose headers   'last-modified': 'Thu, 28 Mar 2019 13:59:44 GMT',
22 verbose headers   vary: 'accept-encoding, accept',
22 verbose headers   'x-amz-meta-rev': '814-a71478b300e881076061fb4cee35303a',
22 verbose headers   server: 'cloudflare' }
23 silly get cb [ 304,
23 silly get   { date: 'Thu, 28 Mar 2019 20:53:40 GMT',
23 silly get     connection: 'keep-alive',
23 silly get     'set-cookie': [ '__cfduid=dde9da9c496dbf839ecc7e093abf0a6b01553806420; expires=Fri, 27-Mar-20 20:53:40 GMT; path=/; domain=.registry.npmjs.org; HttpOnly' ],
23 silly get     'cf-cache-status': 'HIT',
23 silly get     'cache-control': 'max-age=300',
23 silly get     'cf-ray': '4bec7eb00b7957d1-DFW',
23 silly get     etag: '"8a5e9f2c95f03c9ac825737c68ed7c45"',
23 silly get     'expect-ct': 'max-age=604800, report-uri="https://report-uri.cloudflare.com/cdn-cgi/beacon/expect-ct"',
23 silly get     'last-modified': 'Thu, 28 Mar 2019 13:59:44 GMT',
23 silly get     vary: 'accept-encoding, accept',
23 silly get     'x-amz-meta-rev': '814-a71478b300e881076061fb4cee35303a',
23 silly get     server: 'cloudflare' } ]
24 verbose etag https://registry.npmjs.org/now from cache
25 verbose get saving now to /Users/paul2/.npm/registry.npmjs.org/now/.cache.json
26 verbose correctMkdir /Users/paul2/.npm correctMkdir not in flight; initializing
27 silly install normalizeTree
28 silly loadCurrentTree Finishing
29 silly loadIdealTree Starting
30 silly install loadIdealTree
31 silly cloneCurrentTree Starting
32 silly install cloneCurrentTreeToIdealTree
33 silly cloneCurrentTree Finishing
34 silly loadShrinkwrap Starting
35 silly install loadShrinkwrap
36 silly loadShrinkwrap Finishing
37 silly loadAllDepsIntoIdealTree Starting
38 silly install loadAllDepsIntoIdealTree
39 silly resolveWithNewModule now@14.2.4 checking installable status
40 silly cache add args [ 'now', null ]
41 verbose cache add spec now
42 silly cache add parsed spec Result {
42 silly cache add   raw: 'now',
42 silly cache add   scope: null,
42 silly cache add   escapedName: 'now',
42 silly cache add   name: 'now',
42 silly cache add   rawSpec: '',
42 silly cache add   spec: 'latest',
42 silly cache add   type: 'tag' }
43 silly addNamed now@latest
44 verbose addNamed "latest" is being treated as a dist-tag for now
45 info addNameTag [ 'now', 'latest' ]
46 silly mapToRegistry name now
47 silly mapToRegistry using default registry
48 silly mapToRegistry registry https://registry.npmjs.org/
49 silly mapToRegistry data Result {
49 silly mapToRegistry   raw: 'now',
49 silly mapToRegistry   scope: null,
49 silly mapToRegistry   escapedName: 'now',
49 silly mapToRegistry   name: 'now',
49 silly mapToRegistry   rawSpec: '',
49 silly mapToRegistry   spec: 'latest',
49 silly mapToRegistry   type: 'tag' }
50 silly mapToRegistry uri https://registry.npmjs.org/now
51 verbose addNameTag registry:https://registry.npmjs.org/now not in flight; fetching
52 verbose get https://registry.npmjs.org/now not expired, no request
53 silly addNameTag next cb for now with tag latest
54 silly addNamed now@14.2.4
55 verbose addNamed "14.2.4" is a plain semver version for now
56 silly cache afterAdd now@14.2.4
57 verbose afterAdd /Users/paul2/.npm/now/14.2.4/package/package.json not in flight; writing
58 verbose correctMkdir /Users/paul2/.npm correctMkdir not in flight; initializing
59 verbose afterAdd /Users/paul2/.npm/now/14.2.4/package/package.json written
60 silly fetchNamedPackageData @types/bytes
61 silly mapToRegistry name @types/bytes
62 silly mapToRegistry scope (from package name) @types
63 verbose mapToRegistry no registry URL found in name for scope @types
64 silly mapToRegistry using default registry
65 silly mapToRegistry registry https://registry.npmjs.org/
66 silly mapToRegistry data Result {
66 silly mapToRegistry   raw: '@types/bytes',
66 silly mapToRegistry   scope: '@types',
66 silly mapToRegistry   escapedName: '@types%2fbytes',
66 silly mapToRegistry   name: '@types/bytes',
66 silly mapToRegistry   rawSpec: '',
66 silly mapToRegistry   spec: 'latest',
66 silly mapToRegistry   type: 'tag' }
67 silly mapToRegistry uri https://registry.npmjs.org/@types%2fbytes
68 verbose request uri https://registry.npmjs.org/@types%2fbytes
69 verbose request no auth needed
70 info attempt registry request try #1 at 4:53:41 PM
71 verbose etag W/"696ffff083abb043318456e525dd7056"
72 verbose lastModified Thu, 31 Jan 2019 23:00:08 GMT
73 http request GET https://registry.npmjs.org/@types%2fbytes
74 http 304 https://registry.npmjs.org/@types%2fbytes
75 verbose headers { date: 'Thu, 28 Mar 2019 20:53:40 GMT',
75 verbose headers   connection: 'keep-alive',
75 verbose headers   'set-cookie': [ '__cfduid=dde9da9c496dbf839ecc7e093abf0a6b01553806420; expires=Fri, 27-Mar-20 20:53:40 GMT; path=/; domain=.registry.npmjs.org; HttpOnly' ],
75 verbose headers   'cf-cache-status': 'HIT',
75 verbose headers   'cache-control': 'public, max-age=300',
75 verbose headers   'cf-ray': '4bec7eb25e2857d1-DFW',
75 verbose headers   etag: '"696ffff083abb043318456e525dd7056"',
75 verbose headers   'expect-ct': 'max-age=604800, report-uri="https://report-uri.cloudflare.com/cdn-cgi/beacon/expect-ct"',
75 verbose headers   'last-modified': 'Thu, 31 Jan 2019 23:00:08 GMT',
75 verbose headers   vary: 'Accept-Encoding',
75 verbose headers   'x-amz-meta-rev': '279-aa64e6e427f9daf7a0b7529c2ed89b11',
75 verbose headers   server: 'cloudflare' }
76 silly get cb [ 304,
76 silly get   { date: 'Thu, 28 Mar 2019 20:53:40 GMT',
76 silly get     connection: 'keep-alive',
76 silly get     'set-cookie': [ '__cfduid=dde9da9c496dbf839ecc7e093abf0a6b01553806420; expires=Fri, 27-Mar-20 20:53:40 GMT; path=/; domain=.registry.npmjs.org; HttpOnly' ],
76 silly get     'cf-cache-status': 'HIT',
76 silly get     'cache-control': 'public, max-age=300',
76 silly get     'cf-ray': '4bec7eb25e2857d1-DFW',
76 silly get     etag: '"696ffff083abb043318456e525dd7056"',
76 silly get     'expect-ct': 'max-age=604800, report-uri="https://report-uri.cloudflare.com/cdn-cgi/beacon/expect-ct"',
76 silly get     'last-modified': 'Thu, 31 Jan 2019 23:00:08 GMT',
76 silly get     vary: 'Accept-Encoding',
76 silly get     'x-amz-meta-rev': '279-aa64e6e427f9daf7a0b7529c2ed89b11',
76 silly get     server: 'cloudflare' } ]
77 verbose etag https://registry.npmjs.org/@types%2fbytes from cache
78 verbose get saving @types/bytes to /Users/paul2/.npm/registry.npmjs.org/_40types_252fbytes/.cache.json
79 verbose correctMkdir /Users/paul2/.npm correctMkdir not in flight; initializing
80 silly resolveWithNewModule @types/bytes@3.0.0 checking installable status
81 silly cache add args [ '@types/bytes@3.0.0', null ]
82 verbose cache add spec @types/bytes@3.0.0
83 silly cache add parsed spec Result {
83 silly cache add   raw: '@types/bytes@3.0.0',
83 silly cache add   scope: '@types',
83 silly cache add   escapedName: '@types%2fbytes',
83 silly cache add   name: '@types/bytes',
83 silly cache add   rawSpec: '3.0.0',
83 silly cache add   spec: '3.0.0',
83 silly cache add   type: 'version' }
84 silly addNamed @types/bytes@3.0.0
85 verbose addNamed "3.0.0" is a plain semver version for @types/bytes
86 silly mapToRegistry name @types/bytes
87 silly mapToRegistry scope (from package name) @types
88 verbose mapToRegistry no registry URL found in name for scope @types
89 silly mapToRegistry using default registry
90 silly mapToRegistry registry https://registry.npmjs.org/
91 silly mapToRegistry data Result {
91 silly mapToRegistry   raw: '@types/bytes',
91 silly mapToRegistry   scope: '@types',
91 silly mapToRegistry   escapedName: '@types%2fbytes',
91 silly mapToRegistry   name: '@types/bytes',
91 silly mapToRegistry   rawSpec: '',
91 silly mapToRegistry   spec: 'latest',
91 silly mapToRegistry   type: 'tag' }
92 silly mapToRegistry uri https://registry.npmjs.org/@types%2fbytes
93 verbose addNameVersion registry:https://registry.npmjs.org/@types%2fbytes not in flight; fetching
94 verbose get https://registry.npmjs.org/@types%2fbytes not expired, no request
95 silly cache afterAdd @types/bytes@3.0.0
96 verbose afterAdd /Users/paul2/.npm/@types/bytes/3.0.0/package/package.json not in flight; writing
97 verbose correctMkdir /Users/paul2/.npm correctMkdir not in flight; initializing
98 verbose afterAdd /Users/paul2/.npm/@types/bytes/3.0.0/package/package.json written
99 silly loadAllDepsIntoIdealTree Finishing
100 silly loadIdealTree Finishing
101 silly currentTree lib
102 silly idealTree lib
102 silly idealTree └─┬ now@14.2.4
102 silly idealTree   └── @types/bytes@3.0.0
103 silly generateActionsToTake Starting
104 silly install generateActionsToTake
105 silly generateActionsToTake Finishing
106 silly diffTrees action count 2
107 silly diffTrees add @types/bytes@3.0.0
108 silly diffTrees add now@14.2.4
109 silly decomposeActions action count 16
110 silly decomposeActions fetch @types/bytes@3.0.0
111 silly decomposeActions extract @types/bytes@3.0.0
112 silly decomposeActions test @types/bytes@3.0.0
113 silly decomposeActions preinstall @types/bytes@3.0.0
114 silly decomposeActions build @types/bytes@3.0.0
115 silly decomposeActions install @types/bytes@3.0.0
116 silly decomposeActions postinstall @types/bytes@3.0.0
117 silly decomposeActions finalize @types/bytes@3.0.0
118 silly decomposeActions fetch now@14.2.4
119 silly decomposeActions extract now@14.2.4
120 silly decomposeActions test now@14.2.4
121 silly decomposeActions preinstall now@14.2.4
122 silly decomposeActions build now@14.2.4
123 silly decomposeActions install now@14.2.4
124 silly decomposeActions postinstall now@14.2.4
125 silly decomposeActions finalize now@14.2.4
126 silly runTopLevelLifecycles Starting
127 silly executeActions Starting
128 silly install executeActions
129 silly doSerial global-install 0
130 silly doParallel fetch 2
131 verbose correctMkdir /Users/paul2/.npm/_locks correctMkdir not in flight; initializing
132 verbose lock using /Users/paul2/.npm/_locks/staging-3a08f0df5026584d.lock for /usr/local/lib/node_modules/.staging
133 silly doParallel extract 2
134 silly extract @types/bytes@3.0.0
135 silly extract now@14.2.4
136 verbose unbuild lib/node_modules/.staging/@types/bytes-f55c5e24
137 verbose unbuild lib/node_modules/.staging/now-b6975e36
138 silly gentlyRm /usr/local/lib/node_modules/.staging/@types/bytes-f55c5e24 is being purged from base /usr/local
139 verbose gentlyRm don't care about contents; nuking /usr/local/lib/node_modules/.staging/@types/bytes-f55c5e24
140 verbose tar unpack /Users/paul2/.npm/@types/bytes/3.0.0/package.tgz
141 verbose tar unpacking to /usr/local/lib/node_modules/.staging/@types/bytes-f55c5e24
142 silly gentlyRm /usr/local/lib/node_modules/.staging/@types/bytes-f55c5e24 is being purged
143 verbose gentlyRm don't care about contents; nuking /usr/local/lib/node_modules/.staging/@types/bytes-f55c5e24
144 silly gunzTarPerm modes [ '755', '644' ]
145 silly gentlyRm /usr/local/lib/node_modules/.staging/now-b6975e36 is being purged from base /usr/local
146 verbose gentlyRm don't care about contents; nuking /usr/local/lib/node_modules/.staging/now-b6975e36
147 verbose tar unpack /Users/paul2/.npm/now/14.2.4/package.tgz
148 verbose tar unpacking to /usr/local/lib/node_modules/.staging/now-b6975e36
149 silly gentlyRm /usr/local/lib/node_modules/.staging/now-b6975e36 is being purged
150 verbose gentlyRm don't care about contents; nuking /usr/local/lib/node_modules/.staging/now-b6975e36
151 silly gunzTarPerm modes [ '755', '644' ]
152 silly gunzTarPerm extractEntry LICENSE
153 silly gunzTarPerm modified mode [ 'LICENSE', 438, 420 ]
154 silly gunzTarPerm extractEntry package.json
155 silly gunzTarPerm extractEntry README.md
156 silly gunzTarPerm modified mode [ 'README.md', 438, 420 ]
157 silly gunzTarPerm extractEntry index.d.ts
158 silly gunzTarPerm modified mode [ 'index.d.ts', 438, 420 ]
159 silly gunzTarPerm extractEntry LICENSE
160 silly gunzTarPerm extractEntry README.md
161 silly gunzTarPerm extractEntry package.json
162 silly gunzTarPerm modified mode [ 'package.json', 438, 420 ]
163 silly gunzTarPerm extractEntry download/dist/index.js
164 silly gunzTarPerm extractEntry download/dist/now
165 silly gentlyRm /usr/local/lib/node_modules/.staging/@types/bytes-f55c5e24/node_modules is being purged
166 verbose gentlyRm don't care about contents; nuking /usr/local/lib/node_modules/.staging/@types/bytes-f55c5e24/node_modules
167 silly gunzTarPerm extractEntry download/install.js
168 silly gentlyRm /usr/local/lib/node_modules/.staging/now-b6975e36/node_modules is being purged
169 verbose gentlyRm don't care about contents; nuking /usr/local/lib/node_modules/.staging/now-b6975e36/node_modules
170 silly doParallel preinstall 2
171 silly preinstall @types/bytes@3.0.0 /usr/local/lib/node_modules/.staging/@types/bytes-f55c5e24
172 info lifecycle @types/bytes@3.0.0~preinstall: @types/bytes@3.0.0
173 silly preinstall now@14.2.4 /usr/local/lib/node_modules/.staging/now-b6975e36
174 info lifecycle now@14.2.4~preinstall: now@14.2.4
175 silly lifecycle @types/bytes@3.0.0~preinstall: no script for preinstall, continuing
176 silly lifecycle now@14.2.4~preinstall: no script for preinstall, continuing
177 silly doReverseSerial remove 0
178 silly doSerial move 0
179 silly doSerial finalize 2
180 silly finalize /usr/local/lib/node_modules/now/node_modules/@types/bytes
181 silly finalize /usr/local/lib/node_modules/now
182 silly doSerial build 2
183 silly build @types/bytes@3.0.0
184 info linkStuff @types/bytes@3.0.0
185 silly linkStuff @types/bytes@3.0.0 has /usr/local/lib/node_modules/now/node_modules as its parent node_modules
186 silly linkStuff @types/bytes@3.0.0 is part of a global install
187 silly linkStuff @types/bytes@3.0.0 is installed into a global node_modules
188 verbose linkBins @types/bytes@3.0.0
189 verbose linkMans @types/bytes@3.0.0
190 silly build now@14.2.4
191 info linkStuff now@14.2.4
192 silly linkStuff now@14.2.4 has /usr/local/lib/node_modules as its parent node_modules
193 silly linkStuff now@14.2.4 is part of a global install
194 silly linkStuff now@14.2.4 is installed into a global node_modules
195 silly linkStuff now@14.2.4 is installed into the top-level global node_modules
196 verbose linkBins now@14.2.4
197 verbose link bins [ { now: 'download/dist/now' }, '/usr/local/bin', true ]
198 verbose linkMans now@14.2.4
199 silly doSerial global-link 0
200 silly doParallel update-linked 0
201 silly doSerial install 2
202 silly install @types/bytes@3.0.0 /usr/local/lib/node_modules/.staging/@types/bytes-f55c5e24
203 info lifecycle @types/bytes@3.0.0~install: @types/bytes@3.0.0
204 silly lifecycle @types/bytes@3.0.0~install: no script for install, continuing
205 silly install now@14.2.4 /usr/local/lib/node_modules/.staging/now-b6975e36
206 info lifecycle now@14.2.4~install: now@14.2.4
207 silly lifecycle now@14.2.4~install: no script for install, continuing
208 silly doSerial postinstall 2
209 silly postinstall @types/bytes@3.0.0 /usr/local/lib/node_modules/.staging/@types/bytes-f55c5e24
210 info lifecycle @types/bytes@3.0.0~postinstall: @types/bytes@3.0.0
211 silly lifecycle @types/bytes@3.0.0~postinstall: no script for postinstall, continuing
212 silly postinstall now@14.2.4 /usr/local/lib/node_modules/.staging/now-b6975e36
213 info lifecycle now@14.2.4~postinstall: now@14.2.4
214 verbose lifecycle now@14.2.4~postinstall: unsafe-perm in lifecycle true
215 verbose lifecycle now@14.2.4~postinstall: PATH: /usr/local/lib/node_modules/npm/bin/node-gyp-bin:/usr/local/lib/node_modules/now/node_modules/.bin:/usr/local/lib/node_modules/.bin:/opt/local/bin:/opt/local/sbin:/Users/paul2/anaconda3/bin:/Library/Frameworks/Python.framework/Versions/3.5/bin:/usr/local/bin:/usr/bin:/bin:/usr/sbin:/sbin:/usr/local/go/bin:/opt/X11/bin:/usr/local/git/bin
216 verbose lifecycle now@14.2.4~postinstall: CWD: /usr/local/lib/node_modules/now
217 silly lifecycle now@14.2.4~postinstall: Args: [ '-c', 'node download/install.js' ]
218 silly lifecycle now@14.2.4~postinstall: Returned: code: 1  signal: null
219 info lifecycle now@14.2.4~postinstall: Failed to exec postinstall script
220 verbose unlock done using /Users/paul2/.npm/_locks/staging-3a08f0df5026584d.lock for /usr/local/lib/node_modules/.staging
221 silly rollbackFailedOptional Starting
222 silly rollbackFailedOptional Finishing
223 silly runTopLevelLifecycles Finishing
224 silly install printInstalled
225 verbose stack Error: now@14.2.4 postinstall: `node download/install.js`
225 verbose stack Exit status 1
225 verbose stack     at EventEmitter.<anonymous> (/usr/local/lib/node_modules/npm/lib/utils/lifecycle.js:255:16)
225 verbose stack     at emitTwo (events.js:106:13)
225 verbose stack     at EventEmitter.emit (events.js:191:7)
225 verbose stack     at ChildProcess.<anonymous> (/usr/local/lib/node_modules/npm/lib/utils/spawn.js:40:14)
225 verbose stack     at emitTwo (events.js:106:13)
225 verbose stack     at ChildProcess.emit (events.js:191:7)
225 verbose stack     at maybeClose (internal/child_process.js:877:16)
225 verbose stack     at Process.ChildProcess._handle.onexit (internal/child_process.js:226:5)
226 verbose pkgid now@14.2.4
227 verbose cwd /Users/paul2/college/senior/astronomy/exoplanet_transits
228 error Darwin 18.0.0
229 error argv "/usr/local/bin/node" "/usr/local/bin/npm" "install" "-g" "now"
230 error node v6.10.0
231 error npm  v3.10.10
232 error code ELIFECYCLE
233 error now@14.2.4 postinstall: `node download/install.js`
233 error Exit status 1
234 error Failed at the now@14.2.4 postinstall script 'node download/install.js'.
234 error Make sure you have the latest version of node.js and npm installed.
234 error If you do, this is most likely a problem with the now package,
234 error not with npm itself.
234 error Tell the author that this fails on your system:
234 error     node download/install.js
234 error You can get information on how to open an issue for this project with:
234 error     npm bugs now
234 error Or if that isn't available, you can get their info via:
234 error     npm owner ls now
234 error There is likely additional logging output above.
235 verbose exit [ 1, true ]
